Testing medace.com
Testing medact.com
Testing medadd.com
Testing medado.com
Testing medads.com
Testing medadz.com
Testing medaft.com
No domain record for medaft.com
Testing medage.com
Testing medago.com
Testing medaha.com
No domain record for medaha.com
Testing medaid.com
Testing medail.com
Testing medaim.com
Testing medair.com
Testing medalb.com
Testing medale.com
Testing medall.com
Testing medamp.com
Testing medand.com
Testing medani.com
Testing medant.com
Testing medany.com
Testing medape.com
Testing medapt.com
Testing medarc.com
Testing medare.com
No domain record for medare.com
Testing medark.com
Testing medarm.com
Testing medart.com
Testing medash.com
Testing medask.com
Testing medasp.com
Testing medass.com
Testing medate.com
Testing medauk.com
Testing medawe.com
No domain record for medawe.com
Testing medawl.com
No domain record for medawl.com
Testing medaxe.com
Testing medaye.com
No domain record for medaye.com
Testing medbaa.com
No domain record for medbaa.com
Testing medbad.com
Testing medbag.com
Testing medbah.com
No domain record for medbah.com
Testing medban.com
Testing medbar.com
Testing medbat.com
Testing medbay.com
Testing medbed.com
Testing medbee.com
Testing medbeg.com
Testing medbet.com
Testing medbib.com
Testing medbid.com
Testing medbig.com
Testing medbin.com
Testing medbit.com
Testing medboa.com
Testing medbob.com
Testing medbog.com
Testing medboo.com
Testing medbop.com
Testing medbow.com
Testing medbox.com
Testing medboy.com
Testing medbra.com
Testing medbrr.com
No domain record for medbrr.com
Testing medbud.com
Testing medbug.com
Testing medbum.com
No domain record for medbum.com
Testing medbun.com
Testing medbur.com
No domain record for medbur.com
Testing medbus.com
Testing medbut.com
No domain record for medbut.com
Testing medbuy.com
Testing medbye.com
No domain record for medbye.com
Testing medcab.com
Testing medcad.com
Testing medcam.com
Testing medcan.com
Testing medcap.com
Testing medcar.com
Testing medcat.com
Testing medcaw.com
No domain record for medcaw.com
Testing medchi.com
Testing medcob.com
No domain record for medcob.com
Testing medcod.com
Testing medcog.com
Testing medcon.com
Testing medcoo.com
Testing medcop.com
Testing medcot.com
Testing medcow.com
Testing medcox.com
No domain record for medcox.com
Testing medcoy.com
Testing medcry.com
No domain record for medcry.com
Testing medcub.com
No domain record for medcub.com
Testing medcud.com
No domain record for medcud.com
Testing medcue.com
Testing medcup.com
Testing medcur.com
No domain record for medcur.com
Testing medcut.com
Testing meddab.com
No domain record for meddab.com
Testing meddad.com
Testing meddam.com
Testing medday.com
Testing meddeb.com
Testing medden.com
Testing meddew.com
Testing meddid.com
No domain record for meddid.com
Testing meddie.com
Testing meddig.com
Testing meddim.com
Testing meddin.com
Testing meddip.com
No domain record for meddip.com
Testing meddis.com
Testing meddoc.com
Testing meddoe.com
No domain record for meddoe.com
Testing meddog.com
Testing meddon.com
Testing meddos.com
Testing meddot.com
Testing meddry.com
Testing meddub.com
No domain record for meddub.com
Testing meddud.com
No domain record for meddud.com
Testing meddue.com
No domain record for meddue.com
Testing meddug.com
No domain record for meddug.com
Testing medduh.com
No domain record for medduh.com
Testing meddun.com
No domain record for meddun.com
Testing medduo.com
Testing meddye.com
No domain record for meddye.com
Testing medear.com
Testing medeat.com
Testing medebb.com
Testing medeel.com
Testing medegg.com
Testing medego.com
Testing medeke.com
Testing medelf.com
Testing medelk.com
No domain record for medelk.com
Testing medell.com
Testing medelm.com
No domain record for medelm.com
Testing medems.com
Testing medemu.com
Testing medend.com
Testing medeon.com
Testing medera.com
Testing medere.com
Testing mederg.com
No domain record for mederg.com
Testing mederr.com
Testing medeta.com
Testing medeve.com
Testing medewe.com
No domain record for medewe.com
Testing medeye.com
Testing medfad.com
Testing medfag.com
No domain record for medfag.com
Testing medfan.com
Testing medfar.com
Testing medfat.com
Testing medfax.com
Testing medfed.com
Testing medfee.com
Testing medfen.com
Testing medfer.com
Testing medfew.com
No domain record for medfew.com
Testing medfey.com
No domain record for medfey.com
Testing medfez.com
No domain record for medfez.com
Testing medfib.com
No domain record for medfib.com
Testing medfie.com
No domain record for medfie.com
Testing medfig.com
Testing medfin.com
Testing medfir.com
Testing medfit.com
Testing medfix.com
Testing medflu.com
Testing medfly.com
Testing medfob.com
Testing medfoe.com
No domain record for medfoe.com
Testing medfog.com
Testing medfop.com
No domain record for medfop.com
Testing medfor.com
Testing medfox.com
Testing medfro.com
No domain record for medfro.com
Testing medfry.com
No domain record for medfry.com
Testing medfun.com
Testing medfur.com
No domain record for medfur.com
Testing medgab.com
Testing medgad.com
No domain record for medgad.com
Testing medgag.com
No domain record for medgag.com
Testing medgal.com
Testing medgap.com
Testing medgas.com
Testing medgay.com
Testing medgee.com
No domain record for medgee.com
Testing medgel.com
Testing medgem.com
Testing medget.com
Testing medgig.com
Testing medgin.com
No domain record for medgin.com
Testing medgnu.com
No domain record for medgnu.com
Testing medgob.com
No domain record for medgob.com
Testing medgod.com
Testing medgoo.com
Testing medgot.com
Testing medgum.com
Testing medgun.com
Testing medgut.com
Testing medguy.com
Testing medgym.com
Testing medgyp.com
No domain record for medgyp.com
Testing medhad.com
No domain record for medhad.com
Testing medhag.com
Testing medhah.com
No domain record for medhah.com
Testing medham.com
Testing medhas.com
Testing medhat.com
Testing medhaw.com
No domain record for medhaw.com
Testing medhay.com
Testing medhem.com
Testing medhen.com
No domain record for medhen.com
Testing medhep.com
No domain record for medhep.com
Testing medher.com
Testing medhes.com
No domain record for medhes.com
Testing medhew.com
No domain record for medhew.com
Testing medhex.com
Testing medhey.com
Testing medhid.com
No domain record for medhid.com
Testing medhie.com
No domain record for medhie.com
Testing medhim.com
Testing medhip.com
No domain record for medhip.com
Testing medhis.com
Testing medhit.com
Testing medhob.com
No domain record for medhob.com
Testing medhod.com
No domain record for medhod.com
Testing medhoe.com
No domain record for medhoe.com
Testing medhog.com
Testing medhop.com
Testing medhos.com
Testing medhot.com
Testing medhow.com
Testing medhub.com
Testing medhue.com
No domain record for medhue.com
Testing medhug.com
No domain record for medhug.com
Testing medhuh.com
No domain record for medhuh.com
Testing medhum.com
No domain record for medhum.com
Testing medhut.com
Testing medice.com
Testing medicy.com
Testing medids.com
Testing medifs.com
Testing medilk.com
No domain record for medilk.com
Testing medill.com
Testing medimp.com
Testing medink.com
Testing medinn.com
Testing medins.com
Testing medion.com
Testing medire.com
Testing medirk.com
Testing medism.com
Testing medits.com
Testing medivy.com
Testing medjab.com
No domain record for medjab.com
Testing medjag.com
No domain record for medjag.com
Testing medjam.com
Testing medjar.com
Testing medjaw.com
No domain record for medjaw.com
Testing medjay.com
Testing medjet.com
Testing medjib.com
No domain record for medjib.com
Testing medjig.com
No domain record for medjig.com
Testing medjob.com
Testing medjog.com
No domain record for medjog.com
Testing medjot.com
Testing medjoy.com
Testing medjug.com
No domain record for medjug.com
Testing medjut.com
No domain record for medjut.com
Testing medkeg.com
Testing medken.com
Testing medkey.com
Testing medkid.com
Testing medkin.com
Testing medkit.com
Testing medlab.com
Testing medlad.com
Testing medlag.com
No domain record for medlag.com
Testing medlam.com
Testing medlap.com
Testing medlaw.com
Testing medlax.com
Testing medlay.com
Testing medlea.com
Testing medled.com
Testing medlee.com
Testing medleg.com
Testing medlei.com
No domain record for medlei.com
Testing medlet.com
Testing medlib.com
Testing medlid.com
No domain record for medlid.com
Testing medlie.com
Testing medlip.com
Testing medlit.com
Testing medlob.com
No domain record for medlob.com
Testing medlog.com
Testing medlop.com
No domain record for medlop.com
Testing medlot.com
Testing medlow.com
Testing medlox.com
Testing medlug.com
No domain record for medlug.com
Testing medlye.com
No domain record for medlye.com
Testing medmad.com
Testing medman.com
Testing medmap.com
Testing medmar.com
Testing medmas.com
Testing medmat.com
Testing medmaw.com
Testing medmay.com
No domain record for medmay.com
Testing medmeg.com
No domain record for medmeg.com
Testing medmen.com
Testing medmes.com
Testing medmet.com
Testing medmew.com
No domain record for medmew.com
Testing medmid.com
No domain record for medmid.com
Testing medmil.com
Testing medmix.com
Testing medmob.com
Testing medmod.com
No domain record for medmod.com
Testing medmom.com
Testing medmoo.com
Testing medmop.com
Testing medmow.com
No domain record for medmow.com
Testing medmud.com
Testing medmug.com
Testing medmum.com
No domain record for medmum.com
Testing medmys.com
No domain record for medmys.com
Testing mednab.com
No domain record for mednab.com
Testing mednag.com
Testing mednap.com
Testing mednay.com
No domain record for mednay.com
Testing mednet.com
Testing mednew.com
Testing mednib.com
No domain record for mednib.com
Testing mednil.com
No domain record for mednil.com
Testing mednip.com
No domain record for mednip.com
Testing mednit.com
Testing mednix.com
Testing mednod.com
Testing mednon.com
Testing mednor.com
Testing mednot.com
No domain record for mednot.com
Testing mednow.com
Testing mednth.com
No domain record for mednth.com
Testing mednub.com
No domain record for mednub.com
Testing mednun.com
No domain record for mednun.com
Testing mednut.com
Testing mednée.com
No domain record for mednée.com
Testing medoaf.com
No domain record for medoaf.com
Testing medoak.com
Testing medoar.com
No domain record for medoar.com
Testing medoat.com
No domain record for medoat.com
Testing medodd.com
No domain record for medodd.com
Testing medode.com
No domain record for medode.com
Testing medoff.com
Testing medoft.com
Testing medohm.com
No domain record for medohm.com
Testing medoho.com
Testing medohs.com
No domain record for medohs.com
Testing medoil.com
Testing medold.com
No domain record for medold.com
Testing medone.com
Testing medopt.com
Testing medorb.com
Testing medore.com
Testing medour.com
Testing medout.com
Testing medova.com
Testing medowe.com
No domain record for medowe.com
Testing medowl.com
Testing medown.com
Testing medpad.com
Testing medpal.com
Testing medpan.com
Testing medpap.com
Testing medpar.com
Testing medpas.com
Testing medpat.com
Testing medpaw.com
Testing medpay.com
Testing medpea.com
No domain record for medpea.com
Testing medpee.com
No domain record for medpee.com
Testing medpeg.com
No domain record for medpeg.com
Testing medpen.com
Testing medpep.com
Testing medper.com
Testing medpet.com
Testing medpew.com
No domain record for medpew.com
Testing medpie.com
Testing medpig.com
No domain record for medpig.com
Testing medpin.com
Testing medpip.com
Testing medpis.com
No domain record for medpis.com
Testing medpit.com
Testing medply.com
Testing medpod.com
Testing medpoi.com
Testing medpol.com
Testing medpop.com
Testing medpot.com
Testing medpox.com
No domain record for medpox.com
Testing medpro.com
Testing medpry.com
No domain record for medpry.com
Testing medpub.com
Testing medpug.com
No domain record for medpug.com
Testing medpun.com
No domain record for medpun.com
Testing medpup.com
Testing medpus.com
No domain record for medpus.com
Testing medput.com
No domain record for medput.com
Testing medpyx.com
No domain record for medpyx.com
Testing medqua.com
No domain record for medqua.com
Testing medrag.com
Testing medram.com
Testing medran.com
Testing medrap.com
Testing medrat.com
Testing medraw.com
Testing medray.com
Testing medred.com
Testing medref.com
Testing medrep.com
Testing medrev.com
Testing medrho.com
No domain record for medrho.com
Testing medrib.com
No domain record for medrib.com
Testing medrid.com
Testing medrig.com
Testing medrim.com
Testing medrip.com
Testing medrob.com
Testing medrod.com
Testing medroe.com
No domain record for medroe.com
Testing medrot.com
No domain record for medrot.com
Testing medrow.com
Testing medrub.com
Testing medrue.com
No domain record for medrue.com
Testing medrug.com
Testing medrum.com
No domain record for medrum.com
Testing medrun.com
Testing medrut.com
No domain record for medrut.com
Testing medrye.com
No domain record for medrye.com
Testing medsac.com
Testing medsad.com
Testing medsag.com
No domain record for medsag.com
Testing medsap.com
Testing medsat.com
Testing medsaw.com
No domain record for medsaw.com
Testing medsax.com
No domain record for medsax.com
Testing medsay.com
Testing medsea.com
Testing medsee.com
Testing medset.com
Testing medsew.com
No domain record for medsew.com
Testing medsex.com
Testing medshe.com
No domain record for medshe.com
Testing medshy.com
No domain record for medshy.com
Testing medsic.com
Testing medsin.com
Testing medsip.com
Testing medsir.com
Testing medsis.com
Testing medsit.com
Testing medsix.com
Testing medski.com
Testing medsky.com
Testing medsly.com
No domain record for medsly.com
Testing medsob.com
No domain record for medsob.com
Testing medsod.com
Testing medsol.com
Testing medson.com
Testing medsop.com
No domain record for medsop.com
Testing medsos.com
Testing medsot.com
Testing medsow.com
No domain record for medsow.com
Testing medsox.com
Testing medsoy.com
No domain record for medsoy.com
Testing medspa.com
Testing medspy.com
Testing medsty.com
No domain record for medsty.com
Testing medsub.com
Testing medsue.com
No domain record for medsue.com
Testing medsum.com
Testing medsun.com
Testing medsup.com
Testing medtab.com
Testing medtad.com
No domain record for medtad.com
Testing medtag.com
Testing medtam.com
Testing medtan.com
Testing medtap.com
Testing medtar.com
Testing medtat.com
Testing medtax.com
Testing medtea.com
Testing medtee.com
Testing medten.com
Testing medthe.com
No domain record for medthe.com
Testing medtho.com
No domain record for medtho.com
Testing medthy.com
No domain record for medthy.com
Testing medtic.com
Testing medtie.com
Testing medtin.com
Testing medtip.com
Testing medtit.com
No domain record for medtit.com
Testing medtoe.com
No domain record for medtoe.com
Testing medtog.com
Testing medtom.com
Testing medton.com
Testing medtoo.com
Testing medtop.com
Testing medtor.com
Testing medtot.com
No domain record for medtot.com
Testing medtow.com
No domain record for medtow.com
Testing medtoy.com
Testing medtry.com
Testing medtub.com
No domain record for medtub.com
Testing medtug.com
Testing medtun.com
No domain record for medtun.com
Testing medtux.com
No domain record for medtux.com
Testing medtwo.com
Testing medugh.com
No domain record for medugh.com
Testing medump.com
Testing medups.com
Testing medurn.com
No domain record for medurn.com
Testing meduse.com
Testing medvan.com
Testing medvat.com
No domain record for medvat.com
Testing medvet.com
Testing medvex.com
No domain record for medvex.com
Testing medvia.com
Testing medvie.com
Testing medvim.com
No domain record for medvim.com
Testing medvow.com
No domain record for medvow.com
Testing medwad.com
No domain record for medwad.com
Testing medwag.com
Testing medwan.com
Testing medwar.com
Testing medwas.com
No domain record for medwas.com
Testing medwax.com
Testing medway.com
Testing medweb.com
Testing medwed.com
Testing medwee.com
No domain record for medwee.com
Testing medwen.com
Testing medwet.com
Testing medwho.com
Testing medwhy.com
Testing medwig.com
Testing medwin.com
Testing medwit.com
Testing medwiz.com
Testing medwoe.com
No domain record for medwoe.com
Testing medwok.com
No domain record for medwok.com
Testing medwon.com
Testing medwoo.com
No domain record for medwoo.com
Testing medwot.com
No domain record for medwot.com
Testing medwow.com
Testing medwry.com
No domain record for medwry.com
Testing medyak.com
Testing medyam.com
Testing medyap.com
Testing medyaw.com
No domain record for medyaw.com
Testing medyea.com
No domain record for medyea.com
Testing medyen.com
Testing medyep.com
No domain record for medyep.com
Testing medyes.com
Testing medyet.com
No domain record for medyet.com
Testing medyew.com
No domain record for medyew.com
Testing medyip.com
No domain record for medyip.com
Testing medyon.com
Testing medyou.com
Testing medyuk.com
No domain record for medyuk.com
Testing medyum.com
Testing medyup.com
No domain record for medyup.com
Testing medzap.com
Testing medzed.com
Testing medzip.com
Testing medzit.com
No domain record for medzit.com
Testing medzoo.com
