Testing medapace.com
No domain record for medapace.com
Testing medapart.com
Testing medaphid.com
No domain record for medaphid.com
Testing medaping.com
No domain record for medaping.com
Testing medappal.com
No domain record for medappal.com
Testing medapple.com
Testing medapply.com
Testing medapron.com
No domain record for medapron.com
Testing medapses.com
No domain record for medapses.com
Testing medapter.com
No domain record for medapter.com
Testing medaptly.com
No domain record for medaptly.com
Testing medaquae.com
No domain record for medaquae.com
Testing medaquas.com
No domain record for medaquas.com
Testing medarbor.com
Testing medarced.com
No domain record for medarced.com
Testing medardor.com
No domain record for medardor.com
Testing medareas.com
No domain record for medareas.com
Testing medarena.com
Testing medargon.com
No domain record for medargon.com
Testing medargot.com
No domain record for medargot.com
Testing medargue.com
No domain record for medargue.com
Testing medarias.com
Testing medarise.com
No domain record for medarise.com
Testing medarmed.com
No domain record for medarmed.com
Testing medarmor.com
Testing medaroma.com
No domain record for medaroma.com
Testing medarose.com
No domain record for medarose.com
Testing medarray.com
Testing medarrow.com
No domain record for medarrow.com
Testing medarson.com
No domain record for medarson.com
Testing medartsy.com
No domain record for medartsy.com
Testing medascot.com
No domain record for medascot.com
Testing medashed.com
No domain record for medashed.com
Testing medashen.com
No domain record for medashen.com
Testing medashes.com
No domain record for medashes.com
Testing medaside.com
No domain record for medaside.com
Testing medasked.com
No domain record for medasked.com
Testing medaskew.com
No domain record for medaskew.com
Testing medaspen.com
No domain record for medaspen.com
Testing medaspic.com
No domain record for medaspic.com
Testing medassay.com
Testing medasses.com
No domain record for medasses.com
Testing medasset.com
Testing medaster.com
Testing medastir.com
No domain record for medastir.com
Testing medatlas.com
Testing medatoll.com
No domain record for medatoll.com
Testing medatoms.com
No domain record for medatoms.com
Testing medatone.com
No domain record for medatone.com
Testing medatria.com
No domain record for medatria.com
Testing medattar.com
No domain record for medattar.com
Testing medattic.com
No domain record for medattic.com
Testing medavail.com
Testing medavast.com
No domain record for medavast.com
Testing medavers.com
No domain record for medavers.com
Testing medavert.com
Testing medavian.com
No domain record for medavian.com
Testing medavoid.com
No domain record for medavoid.com
Testing medavows.com
No domain record for medavows.com
Testing medawait.com
No domain record for medawait.com
Testing medawake.com
No domain record for medawake.com
Testing medaward.com
Testing medaware.com
Testing medawash.com
No domain record for medawash.com
Testing medawful.com
No domain record for medawful.com
Testing medawing.com
No domain record for medawing.com
Testing medawoke.com
No domain record for medawoke.com
Testing medaxial.com
Testing medaxing.com
No domain record for medaxing.com
Testing medaxiom.com
Testing medaxles.com
No domain record for medaxles.com
Testing medaxons.com
No domain record for medaxons.com
Testing medazure.com
Testing medepics.com
No domain record for medepics.com
Testing medepoch.com
No domain record for medepoch.com
Testing medepoxy.com
No domain record for medepoxy.com
Testing medequal.com
Testing medequip.com
Testing mederase.com
Testing mederect.com
Testing mederode.com
No domain record for mederode.com
Testing mederred.com
No domain record for mederred.com
Testing mederror.com
Testing mederupt.com
No domain record for mederupt.com
Testing medessay.com
Testing medester.com
No domain record for medester.com
Testing medether.com
No domain record for medether.com
Testing medethic.com
Testing medethos.com
No domain record for medethos.com
Testing medevade.com
No domain record for medevade.com
Testing medevens.com
No domain record for medevens.com
Testing medevent.com
Testing medevery.com
No domain record for medevery.com
Testing medevict.com
No domain record for medevict.com
Testing medevils.com
Testing medevoke.com
Testing medewers.com
No domain record for medewers.com
Testing medexact.com
Testing medexalt.com
No domain record for medexalt.com
Testing medexams.com
Testing medexcel.com
Testing medexecs.com
Testing medexert.com
No domain record for medexert.com
Testing medexile.com
No domain record for medexile.com
Testing medexist.com
No domain record for medexist.com
Testing medexits.com
No domain record for medexits.com
Testing medexpel.com
No domain record for medexpel.com
Testing medexpos.com
No domain record for medexpos.com
Testing medextol.com
No domain record for medextol.com
Testing medextra.com
Testing medexude.com
No domain record for medexude.com
Testing medexult.com
No domain record for medexult.com
Testing medeying.com
No domain record for medeying.com
Testing medeyrie.com
No domain record for medeyrie.com
Testing medirate.com
Testing medirked.com
No domain record for medirked.com
Testing medirons.com
No domain record for medirons.com
Testing medirony.com
No domain record for medirony.com
Testing medisles.com
Testing medislet.com
No domain record for medislet.com
Testing medissue.com
Testing meditchy.com
No domain record for meditchy.com
Testing meditems.com
Testing medivies.com
No domain record for medivies.com
Testing medivory.com
No domain record for medivory.com
Testing medopals.com
No domain record for medopals.com
Testing medopens.com
No domain record for medopens.com
Testing medopera.com
Testing medopine.com
Testing medopium.com
No domain record for medopium.com
Testing medopted.com
No domain record for medopted.com
Testing medoptic.com
Testing medorals.com
No domain record for medorals.com
Testing medorate.com
Testing medorbit.com
Testing medorder.com
Testing medorgan.com
No domain record for medorgan.com
Testing medosier.com
No domain record for medosier.com
Testing medother.com
No domain record for medother.com
Testing medotter.com
No domain record for medotter.com
Testing medovals.com
No domain record for medovals.com
Testing medovary.com
No domain record for medovary.com
Testing medovens.com
No domain record for medovens.com
Testing medovers.com
No domain record for medovers.com
Testing medovert.com
No domain record for medovert.com
Testing medovoid.com
No domain record for medovoid.com
Testing medovule.com
No domain record for medovule.com
Testing medowing.com
No domain record for medowing.com
Testing medowlet.com
No domain record for medowlet.com
Testing medowned.com
No domain record for medowned.com
Testing medowner.com
No domain record for medowner.com
Testing medoxbow.com
No domain record for medoxbow.com
Testing medoxide.com
No domain record for medoxide.com
Testing medozone.com
Testing medupend.com
No domain record for medupend.com
Testing medupped.com
No domain record for medupped.com
Testing medupper.com
No domain record for medupper.com
Testing medupset.com
No domain record for medupset.com
Testing medurban.com
No domain record for medurban.com
Testing medurged.com
No domain record for medurged.com
Testing medurges.com
No domain record for medurges.com
Testing medurine.com
No domain record for medurine.com
Testing medusage.com
No domain record for medusage.com
Testing medusers.com
Testing medusher.com
No domain record for medusher.com
Testing medusing.com
No domain record for medusing.com
Testing medusual.com
No domain record for medusual.com
Testing medusurp.com
No domain record for medusurp.com
Testing medusury.com
No domain record for medusury.com
Testing meduteri.com
No domain record for meduteri.com
Testing medutter.com
No domain record for medutter.com
Testing meduvula.com
No domain record for meduvula.com
