Testing medibeck.com
No domain record for medibeck.com
Testing medibeds.com
Testing medibeef.com
No domain record for medibeef.com
Testing medibeen.com
No domain record for medibeen.com
Testing medibeep.com
Testing medibeer.com
Testing medibees.com
Testing medibeet.com
Testing medibegs.com
No domain record for medibegs.com
Testing medibell.com
Testing medibelt.com
Testing medibend.com
No domain record for medibend.com
Testing medibent.com
No domain record for medibent.com
Testing mediberg.com
Testing mediberm.com
No domain record for mediberm.com
Testing medibest.com
Testing medibets.com
No domain record for medibets.com
Testing medibevy.com
No domain record for medibevy.com
Testing medibibs.com
No domain record for medibibs.com
Testing medibide.com
No domain record for medibide.com
Testing medibids.com
Testing medibier.com
No domain record for medibier.com
Testing medibike.com
Testing medibile.com
Testing medibilk.com
No domain record for medibilk.com
Testing medibill.com
Testing medibind.com
No domain record for medibind.com
Testing medibins.com
No domain record for medibins.com
Testing medibird.com
Testing medibite.com
Testing medibits.com
No domain record for medibits.com
Testing medibled.com
No domain record for medibled.com
Testing mediblew.com
No domain record for mediblew.com
Testing mediblip.com
No domain record for mediblip.com
Testing mediblob.com
No domain record for mediblob.com
Testing medibloc.com
Testing mediblog.com
Testing mediblot.com
No domain record for mediblot.com
Testing mediblow.com
No domain record for mediblow.com
Testing mediblue.com
Testing mediblur.com
No domain record for mediblur.com
Testing medibobs.com
No domain record for medibobs.com
Testing medibode.com
No domain record for medibode.com
Testing medibody.com
Testing medibogs.com
No domain record for medibogs.com
Testing medibogy.com
No domain record for medibogy.com
Testing mediboil.com
No domain record for mediboil.com
Testing medibold.com
No domain record for medibold.com
Testing medibole.com
No domain record for medibole.com
Testing mediboll.com
No domain record for mediboll.com
Testing medibolt.com
Testing medibomb.com
Testing medibond.com
Testing medibone.com
No domain record for medibone.com
Testing medibong.com
No domain record for medibong.com
Testing medibony.com
No domain record for medibony.com
Testing mediboob.com
No domain record for mediboob.com
Testing medibook.com
Testing mediboom.com
Testing mediboon.com
Testing mediboor.com
No domain record for mediboor.com
Testing mediboos.com
No domain record for mediboos.com
Testing mediboot.com
Testing medibops.com
No domain record for medibops.com
Testing medibore.com
No domain record for medibore.com
Testing mediborn.com
No domain record for mediborn.com
Testing medibosh.com
No domain record for medibosh.com
Testing mediboss.com
Testing mediboth.com
No domain record for mediboth.com
Testing medibout.com
No domain record for medibout.com
Testing medibowl.com
Testing medibows.com
No domain record for medibows.com
Testing mediboys.com
No domain record for mediboys.com
Testing medibozo.com
No domain record for medibozo.com
Testing medibred.com
No domain record for medibred.com
Testing medibrew.com
Testing medibrig.com
No domain record for medibrig.com
Testing medibrim.com
No domain record for medibrim.com
Testing medibrow.com
No domain record for medibrow.com
Testing medibuck.com
Testing medibuds.com
Testing medibuff.com
Testing medibugs.com
No domain record for medibugs.com
Testing medibulb.com
Testing medibulk.com
No domain record for medibulk.com
Testing medibull.com
No domain record for medibull.com
Testing medibump.com
Testing medibums.com
No domain record for medibums.com
Testing medibung.com
No domain record for medibung.com
Testing medibunk.com
No domain record for medibunk.com
Testing medibuns.com
No domain record for medibuns.com
Testing medibunt.com
No domain record for medibunt.com
Testing medibuoy.com
No domain record for medibuoy.com
Testing mediburg.com
No domain record for mediburg.com
Testing mediburn.com
Testing mediburp.com
No domain record for mediburp.com
Testing mediburr.com
No domain record for mediburr.com
Testing mediburs.com
No domain record for mediburs.com
Testing medibury.com
No domain record for medibury.com
Testing medibush.com
No domain record for medibush.com
Testing medibuss.com
Testing medibust.com
No domain record for medibust.com
Testing medibusy.com
No domain record for medibusy.com
Testing medibuts.com
No domain record for medibuts.com
Testing medibutt.com
No domain record for medibutt.com
Testing medibuys.com
No domain record for medibuys.com
Testing medibuzz.com
Testing medibyes.com
No domain record for medibyes.com
Testing medibyte.com
Testing medicede.com
No domain record for medicede.com
Testing medicell.com
Testing medicent.com
Testing medichef.com
Testing medichew.com
Testing medichic.com
Testing medichid.com
No domain record for medichid.com
Testing medichin.com
Testing medichip.com
Testing medichit.com
No domain record for medichit.com
Testing medichop.com
No domain record for medichop.com
Testing medichow.com
No domain record for medichow.com
Testing medichug.com
No domain record for medichug.com
Testing medichum.com
No domain record for medichum.com
Testing medicite.com
Testing medicity.com
Testing mediclef.com
No domain record for mediclef.com
Testing mediclew.com
No domain record for mediclew.com
Testing mediclip.com
Testing mediclod.com
No domain record for mediclod.com
Testing mediclog.com
Testing mediclop.com
No domain record for mediclop.com
Testing mediclot.com
No domain record for mediclot.com
Testing medicloy.com
No domain record for medicloy.com
Testing mediclub.com
Testing mediclue.com
Testing medicobs.com
No domain record for medicobs.com
Testing medicock.com
No domain record for medicock.com
Testing medicode.com
Testing medicods.com
Testing medicoed.com
No domain record for medicoed.com
Testing medicogs.com
No domain record for medicogs.com
Testing medicoif.com
No domain record for medicoif.com
Testing medicoil.com
Testing medicoin.com
Testing medicoke.com
Testing medicold.com
Testing medicols.com
No domain record for medicols.com
Testing medicolt.com
No domain record for medicolt.com
Testing medicomb.com
Testing medicome.com
Testing medicone.com
Testing mediconk.com
No domain record for mediconk.com
Testing medicons.com
Testing medicook.com
Testing medicool.com
Testing medicoon.com
Testing medicoop.com
Testing medicoos.com
Testing medicoot.com
No domain record for medicoot.com
Testing medicope.com
No domain record for medicope.com
Testing medicops.com
Testing medicopy.com
Testing medicord.com
Testing medicore.com
Testing medicork.com
Testing medicorm.com
No domain record for medicorm.com
Testing medicorn.com
Testing medicost.com
Testing medicosy.com
No domain record for medicosy.com
Testing medicote.com
No domain record for medicote.com
Testing medicots.com
No domain record for medicots.com
Testing medicoup.com
Testing medicove.com
Testing medicowl.com
Testing medicows.com
No domain record for medicows.com
Testing medicozy.com
No domain record for medicozy.com
Testing medicrew.com
Testing medicrib.com
No domain record for medicrib.com
Testing medicrop.com
Testing medicrow.com
No domain record for medicrow.com
Testing medicrud.com
No domain record for medicrud.com
Testing medicrux.com
Testing medicube.com
Testing medicubs.com
No domain record for medicubs.com
Testing medicuds.com
No domain record for medicuds.com
Testing medicued.com
No domain record for medicued.com
Testing medicues.com
Testing medicuff.com
Testing medicull.com
Testing medicult.com
Testing medicums.com
No domain record for medicums.com
Testing medicunt.com
No domain record for medicunt.com
Testing medicups.com
Testing medicurb.com
No domain record for medicurb.com
Testing medicurd.com
No domain record for medicurd.com
Testing medicure.com
Testing medicurl.com
No domain record for medicurl.com
Testing medicurs.com
No domain record for medicurs.com
Testing medicurt.com
No domain record for medicurt.com
Testing medicusp.com
No domain record for medicusp.com
Testing medicuss.com
Testing medicute.com
Testing medicuts.com
No domain record for medicuts.com
Testing medicyst.com
No domain record for medicyst.com
Testing medidebs.com
No domain record for medidebs.com
Testing medidebt.com
Testing medideck.com
Testing medideed.com
No domain record for medideed.com
Testing medideem.com
No domain record for medideem.com
Testing medideep.com
Testing medideer.com
No domain record for medideer.com
Testing medideft.com
No domain record for medideft.com
Testing medidefy.com
No domain record for medidefy.com
Testing medideli.com
Testing medidell.com
No domain record for medidell.com
Testing medidemo.com
Testing medidens.com
No domain record for medidens.com
Testing medident.com
Testing medideny.com
No domain record for medideny.com
Testing medidesk.com
Testing medidewy.com
No domain record for medidewy.com
Testing medidice.com
No domain record for medidice.com
Testing medidick.com
No domain record for medidick.com
Testing medidied.com
No domain record for medidied.com
Testing medidies.com
No domain record for medidies.com
Testing medidiet.com
Testing medidigs.com
No domain record for medidigs.com
Testing medidike.com
No domain record for medidike.com
Testing medidill.com
No domain record for medidill.com
Testing medidime.com
No domain record for medidime.com
Testing medidims.com
No domain record for medidims.com
Testing medidine.com
No domain record for medidine.com
Testing mediding.com
No domain record for mediding.com
Testing medidins.com
No domain record for medidins.com
Testing medidint.com
No domain record for medidint.com
Testing medidips.com
No domain record for medidips.com
Testing medidire.com
No domain record for medidire.com
Testing medidirk.com
No domain record for medidirk.com
Testing medidirt.com
No domain record for medidirt.com
Testing medidisc.com
Testing medidish.com
No domain record for medidish.com
Testing medidisk.com
No domain record for medidisk.com
Testing medidiss.com
Testing medidive.com
Testing medidock.com
Testing medidocs.com
Testing medidodo.com
No domain record for medidodo.com
Testing medidoer.com
No domain record for medidoer.com
Testing medidoes.com
No domain record for medidoes.com
Testing medidoff.com
No domain record for medidoff.com
Testing medidogs.com
Testing medidole.com
No domain record for medidole.com
Testing medidoll.com
Testing medidolt.com
No domain record for medidolt.com
Testing medidome.com
Testing medidone.com
No domain record for medidone.com
Testing medidons.com
No domain record for medidons.com
Testing medidoom.com
No domain record for medidoom.com
Testing medidoor.com
Testing medidope.com
No domain record for medidope.com
Testing medidopy.com
No domain record for medidopy.com
Testing medidork.com
No domain record for medidork.com
Testing medidorm.com
Testing medidory.com
No domain record for medidory.com
Testing medidose.com
Testing medidote.com
No domain record for medidote.com
Testing medidoth.com
No domain record for medidoth.com
Testing medidots.com
No domain record for medidots.com
Testing medidour.com
No domain record for medidour.com
Testing medidove.com
Testing medidown.com
No domain record for medidown.com
Testing medidoze.com
No domain record for medidoze.com
Testing medidrew.com
No domain record for medidrew.com
Testing medidrip.com
No domain record for medidrip.com
Testing medidrop.com
Testing medidrub.com
No domain record for medidrub.com
Testing medidrug.com
Testing medidrum.com
No domain record for medidrum.com
Testing medidrys.com
No domain record for medidrys.com
Testing medidubs.com
No domain record for medidubs.com
Testing mediduck.com
No domain record for mediduck.com
Testing mediduct.com
Testing medidude.com
No domain record for medidude.com
Testing mediduds.com
No domain record for mediduds.com
Testing mediduel.com
No domain record for mediduel.com
Testing medidues.com
No domain record for medidues.com
Testing mediduet.com
No domain record for mediduet.com
Testing mediduff.com
No domain record for mediduff.com
Testing mediduke.com
No domain record for mediduke.com
Testing medidull.com
No domain record for medidull.com
Testing mediduly.com
No domain record for mediduly.com
Testing medidumb.com
No domain record for medidumb.com
Testing medidump.com
Testing medidune.com
No domain record for medidune.com
Testing medidung.com
No domain record for medidung.com
Testing medidunk.com
No domain record for medidunk.com
Testing mediduns.com
No domain record for mediduns.com
Testing mediduos.com
No domain record for mediduos.com
Testing medidupe.com
No domain record for medidupe.com
Testing medidusk.com
No domain record for medidusk.com
Testing medidust.com
No domain record for medidust.com
Testing mediduty.com
No domain record for mediduty.com
Testing medidyed.com
No domain record for medidyed.com
Testing medidyer.com
No domain record for medidyer.com
Testing medidyes.com
No domain record for medidyes.com
Testing medidyke.com
No domain record for medidyke.com
Testing mediebbs.com
No domain record for mediebbs.com
Testing mediecho.com
Testing mediecru.com
No domain record for mediecru.com
Testing medieddy.com
No domain record for medieddy.com
Testing mediedge.com
Testing mediedgy.com
No domain record for mediedgy.com
Testing mediedit.com
Testing medieels.com
No domain record for medieels.com
Testing medieery.com
No domain record for medieery.com
Testing medieggs.com
No domain record for medieggs.com
Testing mediegis.com
No domain record for mediegis.com
Testing mediegos.com
No domain record for mediegos.com
Testing medieked.com
No domain record for medieked.com
Testing mediekes.com
No domain record for mediekes.com
Testing medielks.com
No domain record for medielks.com
Testing mediells.com
No domain record for mediells.com
Testing medielms.com
No domain record for medielms.com
Testing medielse.com
No domain record for medielse.com
Testing mediemir.com
No domain record for mediemir.com
Testing mediemit.com
No domain record for mediemit.com
Testing mediemus.com
Testing mediends.com
No domain record for mediends.com
Testing medienvy.com
No domain record for medienvy.com
Testing medieons.com
No domain record for medieons.com
Testing mediepic.com
No domain record for mediepic.com
Testing mediergo.com
No domain record for mediergo.com
Testing mediergs.com
No domain record for mediergs.com
Testing medierrs.com
Testing mediespy.com
No domain record for mediespy.com
Testing medietch.com
Testing medieuro.com
Testing medieven.com
No domain record for medieven.com
Testing mediever.com
Testing medieves.com
No domain record for medieves.com
Testing medievil.com
Testing mediewer.com
No domain record for mediewer.com
Testing mediewes.com
No domain record for mediewes.com
Testing mediexec.com
No domain record for mediexec.com
Testing mediexes.com
No domain record for mediexes.com
Testing mediexit.com
No domain record for mediexit.com
Testing mediexpo.com
Testing medieyed.com
No domain record for medieyed.com
Testing medieyes.com
Testing medifeds.com
No domain record for medifeds.com
Testing medifeed.com
Testing medifeel.com
Testing medifees.com
No domain record for medifees.com
Testing medifeet.com
Testing medifell.com
Testing medifelt.com
Testing medifend.com
Testing medifens.com
No domain record for medifens.com
Testing medifern.com
No domain record for medifern.com
Testing medifest.com
Testing medifeud.com
No domain record for medifeud.com
Testing medifibs.com
No domain record for medifibs.com
Testing medifief.com
No domain record for medifief.com
Testing medifife.com
No domain record for medifife.com
Testing medifigs.com
No domain record for medifigs.com
Testing medifile.com
Testing medifill.com
Testing medifilm.com
Testing medifind.com
Testing medifine.com
Testing medifink.com
No domain record for medifink.com
Testing medifins.com
No domain record for medifins.com
Testing medifire.com
Testing medifirm.com
Testing medifirs.com
No domain record for medifirs.com
Testing medifish.com
Testing medifist.com
No domain record for medifist.com
Testing medifits.com
No domain record for medifits.com
Testing medifive.com
Testing medifizz.com
Testing medifled.com
No domain record for medifled.com
Testing mediflee.com
No domain record for mediflee.com
Testing mediflew.com
No domain record for mediflew.com
Testing mediflex.com
Testing mediflip.com
Testing mediflit.com
No domain record for mediflit.com
Testing medifloe.com
No domain record for medifloe.com
Testing mediflog.com
No domain record for mediflog.com
Testing mediflop.com
No domain record for mediflop.com
Testing mediflow.com
Testing mediflub.com
No domain record for mediflub.com
Testing mediflue.com
No domain record for mediflue.com
Testing mediflux.com
No domain record for mediflux.com
Testing medifobs.com
No domain record for medifobs.com
Testing medifoci.com
No domain record for medifoci.com
Testing medifoes.com
No domain record for medifoes.com
Testing medifogs.com
No domain record for medifogs.com
Testing medifogy.com
No domain record for medifogy.com
Testing medifoil.com
Testing medifold.com
Testing medifolk.com
No domain record for medifolk.com
Testing medifond.com
No domain record for medifond.com
Testing medifont.com
No domain record for medifont.com
Testing medifood.com
Testing medifool.com
No domain record for medifool.com
Testing medifoot.com
Testing medifops.com
No domain record for medifops.com
Testing mediford.com
Testing medifore.com
Testing medifork.com
No domain record for medifork.com
Testing mediform.com
Testing medifort.com
Testing medifoul.com
No domain record for medifoul.com
Testing medifour.com
Testing medifowl.com
No domain record for medifowl.com
Testing medifoxy.com
No domain record for medifoxy.com
Testing medifree.com
Testing medifret.com
No domain record for medifret.com
Testing medifrog.com
Testing medifrom.com
No domain record for medifrom.com
Testing medifuck.com
Testing medifuel.com
No domain record for medifuel.com
Testing medifull.com
Testing medifume.com
No domain record for medifume.com
Testing medifund.com
Testing medifunk.com
No domain record for medifunk.com
Testing medifurl.com
No domain record for medifurl.com
Testing medifurs.com
No domain record for medifurs.com
Testing medifury.com
No domain record for medifury.com
Testing medifuse.com
Testing medifuss.com
Testing medifutz.com
No domain record for medifutz.com
Testing medifuze.com
Testing medifuzz.com
Testing medifête.com
No domain record for medifête.com
Testing medigeed.com
No domain record for medigeed.com
Testing medigeek.com
Testing medigees.com
No domain record for medigees.com
Testing medigeez.com
No domain record for medigeez.com
Testing medigeld.com
No domain record for medigeld.com
Testing medigels.com
No domain record for medigels.com
Testing medigelt.com
No domain record for medigelt.com
Testing medigems.com
Testing medigene.com
Testing medigent.com
Testing medigerm.com
No domain record for medigerm.com
Testing medigets.com
No domain record for medigets.com
Testing medigibe.com
No domain record for medigibe.com
Testing medigift.com
Testing medigigs.com
Testing medigild.com
No domain record for medigild.com
Testing medigill.com
No domain record for medigill.com
Testing medigilt.com
No domain record for medigilt.com
Testing medigins.com
No domain record for medigins.com
Testing medigird.com
No domain record for medigird.com
Testing medigirl.com
Testing medigirt.com
No domain record for medigirt.com
Testing medigist.com
Testing medigive.com
Testing mediglee.com
No domain record for mediglee.com
Testing mediglen.com
No domain record for mediglen.com
Testing mediglib.com
No domain record for mediglib.com
Testing mediglob.com
Testing mediglop.com
No domain record for mediglop.com
Testing mediglow.com
Testing mediglue.com
Testing mediglum.com
No domain record for mediglum.com
Testing mediglut.com
No domain record for mediglut.com
Testing medignus.com
No domain record for medignus.com
Testing medigobs.com
No domain record for medigobs.com
Testing medigods.com
No domain record for medigods.com
Testing medigoes.com
No domain record for medigoes.com
Testing medigold.com
Testing medigolf.com
Testing medigone.com
Testing medigong.com
Testing medigood.com
Testing medigoof.com
No domain record for medigoof.com
Testing medigook.com
No domain record for medigook.com
Testing medigoon.com
No domain record for medigoon.com
Testing medigoop.com
No domain record for medigoop.com
Testing medigore.com
No domain record for medigore.com
Testing medigory.com
No domain record for medigory.com
Testing medigosh.com
No domain record for medigosh.com
Testing medigout.com
No domain record for medigout.com
Testing medigown.com
Testing medigrew.com
No domain record for medigrew.com
Testing medigrey.com
Testing medigrid.com
Testing medigrim.com
Testing medigrin.com
No domain record for medigrin.com
Testing medigrip.com
Testing medigrit.com
No domain record for medigrit.com
Testing medigrog.com
No domain record for medigrog.com
Testing medigrow.com
Testing medigrub.com
No domain record for medigrub.com
Testing mediguff.com
No domain record for mediguff.com
Testing medigulf.com
Testing medigull.com
No domain record for medigull.com
Testing medigulp.com
No domain record for medigulp.com
Testing medigums.com
No domain record for medigums.com
Testing medigunk.com
No domain record for medigunk.com
Testing mediguns.com
No domain record for mediguns.com
Testing mediguru.com
Testing medigush.com
No domain record for medigush.com
Testing medigust.com
No domain record for medigust.com
Testing mediguts.com
No domain record for mediguts.com
Testing mediguys.com
No domain record for mediguys.com
Testing medigybe.com
No domain record for medigybe.com
Testing medigyms.com
No domain record for medigyms.com
Testing medigyps.com
No domain record for medigyps.com
Testing medigyro.com
No domain record for medigyro.com
Testing mediheck.com
No domain record for mediheck.com
Testing mediheed.com
No domain record for mediheed.com
Testing mediheel.com
Testing mediheft.com
No domain record for mediheft.com
Testing mediheir.com
No domain record for mediheir.com
Testing mediheld.com
Testing medihell.com
No domain record for medihell.com
Testing medihelm.com
Testing medihelp.com
Testing medihemp.com
Testing medihems.com
No domain record for medihems.com
Testing medihens.com
No domain record for medihens.com
Testing mediherb.com
Testing mediherd.com
No domain record for mediherd.com
Testing medihere.com
Testing medihero.com
No domain record for medihero.com
Testing medihers.com
No domain record for medihers.com
Testing medihewn.com
No domain record for medihewn.com
Testing medihews.com
No domain record for medihews.com
Testing medihick.com
No domain record for medihick.com
Testing medihide.com
No domain record for medihide.com
Testing medihied.com
No domain record for medihied.com
Testing medihies.com
No domain record for medihies.com
Testing medihigh.com
Testing medihike.com
No domain record for medihike.com
Testing medihill.com
Testing medihilt.com
No domain record for medihilt.com
Testing medihims.com
No domain record for medihims.com
Testing medihind.com
No domain record for medihind.com
Testing medihint.com
No domain record for medihint.com
Testing medihips.com
No domain record for medihips.com
Testing medihire.com
Testing medihiss.com
No domain record for medihiss.com
Testing medihits.com
No domain record for medihits.com
Testing medihive.com
Testing medihobo.com
No domain record for medihobo.com
Testing medihobs.com
No domain record for medihobs.com
Testing medihock.com
No domain record for medihock.com
Testing medihods.com
No domain record for medihods.com
Testing medihoed.com
No domain record for medihoed.com
Testing medihoes.com
No domain record for medihoes.com
Testing medihogs.com
No domain record for medihogs.com
Testing medihold.com
Testing medihole.com
No domain record for medihole.com
Testing mediholy.com
No domain record for mediholy.com
Testing medihome.com
Testing medihomy.com
No domain record for medihomy.com
Testing medihone.com
No domain record for medihone.com
Testing medihonk.com
No domain record for medihonk.com
Testing medihood.com
Testing medihoof.com
No domain record for medihoof.com
Testing medihook.com
No domain record for medihook.com
Testing medihoop.com
No domain record for medihoop.com
Testing medihoot.com
No domain record for medihoot.com
Testing medihope.com
Testing medihops.com
No domain record for medihops.com
Testing medihorn.com
No domain record for medihorn.com
Testing medihose.com
Testing medihost.com
Testing medihour.com
Testing medihove.com
Testing medihowl.com
No domain record for medihowl.com
Testing medihows.com
No domain record for medihows.com
Testing medihubs.com
No domain record for medihubs.com
Testing medihued.com
No domain record for medihued.com
Testing medihues.com
No domain record for medihues.com
Testing medihuff.com
No domain record for medihuff.com
Testing medihuge.com
No domain record for medihuge.com
Testing medihugs.com
No domain record for medihugs.com
Testing medihulk.com
Testing medihull.com
No domain record for medihull.com
Testing medihump.com
No domain record for medihump.com
Testing medihums.com
No domain record for medihums.com
Testing medihung.com
No domain record for medihung.com
Testing medihunk.com
No domain record for medihunk.com
Testing medihunt.com
Testing medihurl.com
No domain record for medihurl.com
Testing medihurt.com
No domain record for medihurt.com
Testing medihush.com
No domain record for medihush.com
Testing medihusk.com
No domain record for medihusk.com
Testing medihuts.com
No domain record for medihuts.com
Testing medihymn.com
No domain record for medihymn.com
Testing medihype.com
No domain record for medihype.com
Testing medihypo.com
No domain record for medihypo.com
Testing mediibex.com
No domain record for mediibex.com
Testing mediibis.com
No domain record for mediibis.com
Testing mediiced.com
No domain record for mediiced.com
Testing mediices.com
No domain record for mediices.com
Testing mediicky.com
No domain record for mediicky.com
Testing mediicon.com
Testing mediides.com
No domain record for mediides.com
Testing mediidle.com
No domain record for mediidle.com
Testing mediidly.com
No domain record for mediidly.com
Testing mediidol.com
No domain record for mediidol.com
Testing mediidyl.com
No domain record for mediidyl.com
Testing mediiffy.com
No domain record for mediiffy.com
Testing mediikon.com
No domain record for mediikon.com
Testing mediilks.com
No domain record for mediilks.com
Testing mediills.com
No domain record for mediills.com
Testing mediimps.com
No domain record for mediimps.com
Testing mediinch.com
No domain record for mediinch.com
Testing mediinfo.com
Testing mediinks.com
No domain record for mediinks.com
Testing mediinky.com
No domain record for mediinky.com
Testing mediinns.com
No domain record for mediinns.com
Testing mediinto.com
No domain record for mediinto.com
Testing mediions.com
No domain record for mediions.com
Testing mediiris.com
No domain record for mediiris.com
Testing mediirks.com
No domain record for mediirks.com
Testing mediiron.com
No domain record for mediiron.com
Testing mediisle.com
No domain record for mediisle.com
Testing mediisms.com
No domain record for mediisms.com
Testing mediitch.com
No domain record for mediitch.com
Testing mediitem.com
No domain record for mediitem.com
Testing medijeep.com
No domain record for medijeep.com
Testing medijeer.com
No domain record for medijeer.com
Testing medijeez.com
No domain record for medijeez.com
Testing medijell.com
No domain record for medijell.com
Testing medijerk.com
No domain record for medijerk.com
Testing medijest.com
No domain record for medijest.com
Testing medijets.com
Testing medijibe.com
No domain record for medijibe.com
Testing medijibs.com
No domain record for medijibs.com
Testing medijigs.com
No domain record for medijigs.com
Testing medijilt.com
No domain record for medijilt.com
Testing medijinn.com
No domain record for medijinn.com
Testing medijinx.com
No domain record for medijinx.com
Testing medijive.com
No domain record for medijive.com
Testing medijobs.com
Testing medijock.com
No domain record for medijock.com
Testing medijogs.com
No domain record for medijogs.com
Testing medijohn.com
No domain record for medijohn.com
Testing medijoin.com
No domain record for medijoin.com
Testing medijoke.com
No domain record for medijoke.com
Testing medijolt.com
No domain record for medijolt.com
Testing medijosh.com
No domain record for medijosh.com
Testing medijots.com
No domain record for medijots.com
Testing medijowl.com
No domain record for medijowl.com
Testing medijoys.com
No domain record for medijoys.com
Testing medijudo.com
No domain record for medijudo.com
Testing medijugs.com
No domain record for medijugs.com
Testing medijump.com
No domain record for medijump.com
Testing medijunk.com
No domain record for medijunk.com
Testing medijury.com
No domain record for medijury.com
Testing medijust.com
No domain record for medijust.com
Testing medijute.com
No domain record for medijute.com
Testing medijuts.com
No domain record for medijuts.com
Testing medikeel.com
No domain record for medikeel.com
Testing medikeen.com
No domain record for medikeen.com
Testing medikeep.com
No domain record for medikeep.com
Testing medikegs.com
No domain record for medikegs.com
Testing medikelp.com
No domain record for medikelp.com
Testing medikens.com
No domain record for medikens.com
Testing medikept.com
No domain record for medikept.com
Testing medikeys.com
Testing medikick.com
Testing medikids.com
Testing medikill.com
Testing medikiln.com
No domain record for medikiln.com
Testing medikilo.com
No domain record for medikilo.com
Testing medikilt.com
Testing medikind.com
No domain record for medikind.com
Testing mediking.com
Testing medikink.com
Testing medikiss.com
Testing medikite.com
Testing medikith.com
No domain record for medikith.com
Testing medikits.com
Testing medikiwi.com
No domain record for medikiwi.com
Testing mediknee.com
No domain record for mediknee.com
Testing mediknew.com
No domain record for mediknew.com
Testing mediknit.com
No domain record for mediknit.com
Testing mediknob.com
No domain record for mediknob.com
Testing mediknot.com
No domain record for mediknot.com
Testing mediknow.com
Testing medikook.com
No domain record for medikook.com
Testing medileek.com
No domain record for medileek.com
Testing medileer.com
No domain record for medileer.com
Testing medilees.com
No domain record for medilees.com
Testing medileft.com
No domain record for medileft.com
Testing medilegs.com
Testing medileis.com
No domain record for medileis.com
Testing medilend.com
Testing medilens.com
Testing medilent.com
Testing medilept.com
No domain record for medilept.com
Testing mediless.com
Testing medilest.com
No domain record for medilest.com
Testing medilets.com
No domain record for medilets.com
Testing medilevy.com
Testing medilewd.com
No domain record for medilewd.com
Testing medilice.com
No domain record for medilice.com
Testing medilick.com
No domain record for medilick.com
Testing medilids.com
No domain record for medilids.com
Testing medilied.com
No domain record for medilied.com
Testing medilief.com
Testing medilien.com
Testing medilies.com
No domain record for medilies.com
Testing medilieu.com
No domain record for medilieu.com
Testing medilife.com
Testing medilift.com
Testing medilike.com
Testing medililt.com
Testing medilily.com
No domain record for medilily.com
Testing medilimb.com
No domain record for medilimb.com
Testing medilime.com
No domain record for medilime.com
Testing medilimn.com
No domain record for medilimn.com
Testing medilimo.com
Testing medilimp.com
Testing medilimy.com
No domain record for medilimy.com
Testing mediline.com
Testing medilink.com
Testing medilint.com
No domain record for medilint.com
Testing medilion.com
Testing medilips.com
No domain record for medilips.com
Testing medilire.com
No domain record for medilire.com
Testing medilisp.com
No domain record for medilisp.com
Testing medilist.com
Testing medilite.com
Testing medilive.com
Testing medilobe.com
No domain record for medilobe.com
Testing medilobs.com
No domain record for medilobs.com
Testing mediloci.com
No domain record for mediloci.com
Testing medilock.com
Testing mediloco.com
Testing medilode.com
No domain record for medilode.com
Testing mediloft.com
Testing mediloge.com
No domain record for mediloge.com
Testing medilogo.com
No domain record for medilogo.com
Testing medilogs.com
Testing mediloin.com
No domain record for mediloin.com
Testing mediloll.com
No domain record for mediloll.com
Testing medilone.com
No domain record for medilone.com
Testing medilong.com
Testing medilook.com
Testing mediloom.com
No domain record for mediloom.com
Testing mediloon.com
No domain record for mediloon.com
Testing mediloop.com
Testing mediloot.com
No domain record for mediloot.com
Testing medilope.com
No domain record for medilope.com
Testing medilops.com
No domain record for medilops.com
Testing medilord.com
No domain record for medilord.com
Testing medilore.com
Testing medilorn.com
No domain record for medilorn.com
Testing medilose.com
No domain record for medilose.com
Testing mediloss.com
Testing medilost.com
No domain record for medilost.com
Testing mediloth.com
No domain record for mediloth.com
Testing medilots.com
No domain record for medilots.com
Testing mediloud.com
No domain record for mediloud.com
Testing medilout.com
No domain record for medilout.com
Testing medilove.com
Testing medilows.com
No domain record for medilows.com
Testing medilube.com
No domain record for medilube.com
Testing mediluck.com
Testing medilugs.com
No domain record for medilugs.com
Testing medilull.com
No domain record for medilull.com
Testing medilump.com
No domain record for medilump.com
Testing medilung.com
No domain record for medilung.com
Testing medilure.com
Testing medilurk.com
No domain record for medilurk.com
Testing medilush.com
No domain record for medilush.com
Testing medilust.com
No domain record for medilust.com
Testing medilute.com
No domain record for medilute.com
Testing medilynx.com
Testing medilyre.com
No domain record for medilyre.com
Testing medimeek.com
No domain record for medimeek.com
Testing medimeet.com
Testing medimegs.com
No domain record for medimegs.com
Testing medimeld.com
No domain record for medimeld.com
Testing medimelt.com
Testing medimemo.com
Testing medimend.com
Testing medimenu.com
Testing medimeow.com
No domain record for medimeow.com
Testing medimere.com
No domain record for medimere.com
Testing medimesh.com
Testing medimess.com
No domain record for medimess.com
Testing medimete.com
No domain record for medimete.com
Testing medimewl.com
No domain record for medimewl.com
Testing medimews.com
No domain record for medimews.com
Testing medimice.com
Testing medimien.com
No domain record for medimien.com
Testing medimiff.com
No domain record for medimiff.com
Testing medimike.com
Testing medimild.com
No domain record for medimild.com
Testing medimile.com
No domain record for medimile.com
Testing medimilk.com
No domain record for medimilk.com
Testing medimill.com
Testing medimils.com
No domain record for medimils.com
Testing medimime.com
No domain record for medimime.com
Testing medimind.com
Testing medimine.com
Testing medimini.com
Testing medimink.com
No domain record for medimink.com
Testing medimint.com
Testing mediminx.com
No domain record for mediminx.com
Testing medimire.com
No domain record for medimire.com
Testing medimiss.com
Testing medimist.com
Testing medimite.com
No domain record for medimite.com
Testing medimitt.com
Testing medimobs.com
No domain record for medimobs.com
Testing medimock.com
Testing medimode.com
Testing medimods.com
Testing medimold.com
Testing medimole.com
No domain record for medimole.com
Testing medimoll.com
Testing medimolt.com
No domain record for medimolt.com
Testing medimoms.com
No domain record for medimoms.com
Testing medimonk.com
Testing medimono.com
No domain record for medimono.com
Testing medimood.com
Testing medimoon.com
Testing medimoor.com
No domain record for medimoor.com
Testing medimoos.com
No domain record for medimoos.com
Testing medimoot.com
No domain record for medimoot.com
Testing medimope.com
No domain record for medimope.com
Testing medimops.com
Testing medimore.com
Testing medimorn.com
No domain record for medimorn.com
Testing medimoss.com
No domain record for medimoss.com
Testing medimost.com
No domain record for medimost.com
Testing medimote.com
No domain record for medimote.com
Testing medimoth.com
No domain record for medimoth.com
Testing medimove.com
Testing medimown.com
No domain record for medimown.com
Testing medimows.com
No domain record for medimows.com
Testing medimuch.com
No domain record for medimuch.com
Testing medimuck.com
No domain record for medimuck.com
Testing medimuff.com
No domain record for medimuff.com
Testing medimugs.com
Testing medimule.com
No domain record for medimule.com
Testing medimull.com
No domain record for medimull.com
Testing medimums.com
No domain record for medimums.com
Testing medimurk.com
No domain record for medimurk.com
Testing medimuse.com
Testing medimush.com
Testing medimusk.com
No domain record for medimusk.com
Testing medimuss.com
No domain record for medimuss.com
Testing medimust.com
Testing medimute.com
No domain record for medimute.com
Testing medimutt.com
No domain record for medimutt.com
Testing medimyth.com
No domain record for medimyth.com
Testing medineck.com
No domain record for medineck.com
Testing medineed.com
Testing medineon.com
No domain record for medineon.com
Testing medinerd.com
No domain record for medinerd.com
Testing medinest.com
Testing medinets.com
Testing medinews.com
Testing medinewt.com
No domain record for medinewt.com
Testing medinext.com
Testing medinibs.com
No domain record for medinibs.com
Testing medinice.com
Testing medinick.com
No domain record for medinick.com
Testing medinigh.com
No domain record for medinigh.com
Testing medinine.com
Testing medinips.com
No domain record for medinips.com
Testing medinite.com
No domain record for medinite.com
Testing medinits.com
No domain record for medinits.com
Testing medinode.com
Testing medinods.com
No domain record for medinods.com
Testing medinoel.com
No domain record for medinoel.com
Testing medinoes.com
No domain record for medinoes.com
Testing medinone.com
No domain record for medinone.com
Testing medinook.com
Testing medinoon.com
No domain record for medinoon.com
Testing medinope.com
No domain record for medinope.com
Testing medinorm.com
Testing medinose.com
Testing medinosh.com
No domain record for medinosh.com
Testing medinosy.com
No domain record for medinosy.com
Testing medinote.com
Testing medinoun.com
No domain record for medinoun.com
Testing medinous.com
Testing medinubs.com
No domain record for medinubs.com
Testing medinude.com
No domain record for medinude.com
Testing medinuke.com
No domain record for medinuke.com
Testing medinull.com
No domain record for medinull.com
Testing medinumb.com
No domain record for medinumb.com
Testing medinuns.com
No domain record for medinuns.com
Testing medinuts.com
No domain record for medinuts.com
Testing mediobey.com
No domain record for mediobey.com
Testing mediobit.com
Testing medioboe.com
No domain record for medioboe.com
Testing mediodds.com
No domain record for mediodds.com
Testing mediodes.com
Testing mediodor.com
No domain record for mediodor.com
Testing medioffs.com
No domain record for medioffs.com
Testing mediogle.com
No domain record for mediogle.com
Testing mediogre.com
Testing mediohms.com
No domain record for mediohms.com
Testing medioils.com
Testing medioily.com
No domain record for medioily.com
Testing medioink.com
No domain record for medioink.com
Testing medioleo.com
No domain record for medioleo.com
Testing mediomen.com
No domain record for mediomen.com
Testing mediomit.com
No domain record for mediomit.com
Testing medionce.com
No domain record for medionce.com
Testing mediones.com
No domain record for mediones.com
Testing medionly.com
No domain record for medionly.com
Testing medionto.com
No domain record for medionto.com
Testing medionus.com
Testing medionyx.com
No domain record for medionyx.com
Testing medioops.com
No domain record for medioops.com
Testing mediooze.com
No domain record for mediooze.com
Testing mediopen.com
Testing mediopts.com
No domain record for mediopts.com
Testing mediopus.com
Testing mediorbs.com
No domain record for mediorbs.com
Testing mediores.com
No domain record for mediores.com
Testing mediorgy.com
No domain record for mediorgy.com
Testing mediouch.com
No domain record for mediouch.com
Testing mediours.com
No domain record for mediours.com
Testing medioust.com
No domain record for medioust.com
Testing mediouts.com
No domain record for mediouts.com
Testing medioven.com
No domain record for medioven.com
Testing mediover.com
No domain record for mediover.com
Testing mediovum.com
No domain record for mediovum.com
Testing mediowed.com
No domain record for mediowed.com
Testing mediowes.com
No domain record for mediowes.com
Testing mediowls.com
No domain record for mediowls.com
Testing mediowns.com
No domain record for mediowns.com
Testing medioxen.com
No domain record for medioxen.com
Testing medipeck.com
No domain record for medipeck.com
Testing medipeed.com
Testing medipeek.com
Testing medipeel.com
Testing medipeep.com
No domain record for medipeep.com
Testing medipeer.com
Testing medipees.com
No domain record for medipees.com
Testing medipegs.com
No domain record for medipegs.com
Testing medipelt.com
No domain record for medipelt.com
Testing medipens.com
Testing medipent.com
Testing medipeon.com
No domain record for medipeon.com
Testing medipeps.com
No domain record for medipeps.com
Testing mediperk.com
No domain record for mediperk.com
Testing mediperm.com
No domain record for mediperm.com
Testing medipert.com
Testing medipeso.com
No domain record for medipeso.com
Testing medipest.com
Testing medipets.com
Testing medipews.com
No domain record for medipews.com
Testing medipick.com
Testing medipied.com
No domain record for medipied.com
Testing medipier.com
No domain record for medipier.com
Testing medipies.com
No domain record for medipies.com
Testing medipigs.com
No domain record for medipigs.com
Testing medipike.com
No domain record for medipike.com
Testing medipile.com
Testing medipill.com
Testing medipimp.com
No domain record for medipimp.com
Testing medipine.com
No domain record for medipine.com
Testing mediping.com
Testing medipink.com
Testing medipins.com
Testing medipint.com
No domain record for medipint.com
Testing medipipe.com
Testing medipips.com
No domain record for medipips.com
Testing medipiss.com
No domain record for medipiss.com
Testing medipith.com
No domain record for medipith.com
Testing medipits.com
No domain record for medipits.com
Testing medipity.com
No domain record for medipity.com
Testing medipixy.com
No domain record for medipixy.com
Testing medipled.com
No domain record for medipled.com
Testing mediplod.com
No domain record for mediplod.com
Testing mediplop.com
No domain record for mediplop.com
Testing mediplot.com
Testing mediplow.com
No domain record for mediplow.com
Testing mediploy.com
No domain record for mediploy.com
Testing mediplug.com
Testing mediplum.com
No domain record for mediplum.com
Testing mediplus.com
